[www.painelpurple.xyz/index.html]
[static.parastorage.com/client/pfavico.ico]
[static.parastorage.com/unpkg/focus-within-polyfill@5.0.9/dist/focus-within-polyfill.js]
[static.parastorage.com/unpkg/core-js-bundle@3.2.1/minified.js]
[polyfill.io/v3/polyfill.mind82c.js]
[browser.sentry-cdn.com/6.18.2/bundle.min.js]
[www.painelpurple.xyz/decodeURIComponent(e.5.delayed]
[backblue.gif]
[fade.gif]
[index.html]
[static.parastorage.com/services/wix-thunderbolt/dist/index.html]
[www.painelpurple.xyz/sitemap.6.delayed]
[www.painelpurple.xyz/feed.7.delayed]
[static.parastorage.com/services/wix-thunderbolt/dist/thunderbolt-commons.977d1190.bundle.min.js]
[static.parastorage.com/services/wix-thunderbolt/dist/main.f1c035dc.bundle.min.js]
[static.parastorage.com/unpkg/lodash@4.17.21/lodash.min.js]
[static.parastorage.com/unpkg/react@16.14.0/umd/react.production.min.js]
[static.parastorage.com/services/tag-manager-client/1.705.0/siteTags.bundle.min.js]
[static.parastorage.com/services/wix-perf-measure/1.1051.0/wix-perf-measure.umd.min.js]
[static.parastorage.com/unpkg/react-dom@16.14.0/umd/react-dom.production.min.js]
[static.parastorage.com/services/third-party/fonts/user-site-fonts/fonts/7e90123f-e4a7-4689-b41f-6bcfe331c00ad41d.eot]
[static.parastorage.com/services/third-party/fonts/user-site-fonts/fonts/64017d81-9430-4cba-8219-8f5cc28b923e.woff2]
[static.parastorage.com/services/third-party/fonts/user-site-fonts/fonts/2aff4f81-3e97-4a83-9e6c-45e33c024796.ttf]
[static.parastorage.com/services/santa-resources/resources/viewer/user-site-fonts/fonts/ProximNova/v1/ProximaNovaW05-Regular.woff2]
[static.parastorage.com/services/santa-resources/resources/viewer/user-site-fonts/fonts/ProximNova/v1/ProximaNovaW05-Regular.woff]
[static.parastorage.com/services/third-party/fonts/user-site-fonts/fonts/e56ecb6d-da41-4bd9-982d-2d295bec9ab0.woff]
[static.parastorage.com/services/third-party/fonts/user-site-fonts/fonts/3e0b2cd7-9657-438b-b4af-e04122e8f1f7d41d.eot]
[static.parastorage.com/services/third-party/fonts/user-site-fonts/fonts/bc176270-17fa-4c78-a343-9fe52824e501.woff]
[static.parastorage.com/services/third-party/fonts/user-site-fonts/fonts/3516f91d-ac48-42cd-acfe-1be691152cc4.ttf]
[static.parastorage.com/services/third-party/fonts/user-site-fonts/fonts/48e5a0e1-2d56-46e5-8fc4-3d6d5c973cbfd41d.eot]
[static.parastorage.com/services/third-party/fonts/user-site-fonts/fonts/c0050890-bbed-44b9-94df-2611d72dbb06.ttf]
[static.parastorage.com/services/third-party/fonts/user-site-fonts/fonts/07d62b21-8d7a-4c36-be86-d32ab1089972.woff]
[static.parastorage.com/services/third-party/fonts/user-site-fonts/fonts/3d009cd7-c8fe-40c0-93da-74f4ea8c530bd41d.eot]
[static.parastorage.com/services/third-party/fonts/user-site-fonts/fonts/a9e95a29-98a7-404a-90ee-1929ad09c696.woff]
[static.parastorage.com/services/third-party/fonts/user-site-fonts/fonts/0a7663fd-eae8-4e50-a67a-225271f8cceb.ttf]
[static.parastorage.com/services/third-party/fonts/user-site-fonts/fonts/cf053eae-ba1f-44f3-940c-a34b68ccbbdfd41d.eot]
[static.parastorage.com/services/third-party/fonts/user-site-fonts/fonts/8bf38806-3423-4080-b38f-d08542f7e4ac.woff2]
[static.parastorage.com/services/third-party/fonts/user-site-fonts/fonts/c2a69697-4f06-4764-abd4-625031a84e31.ttf]
[static.parastorage.com/services/third-party/fonts/user-site-fonts/fonts/e2b9cbeb-fa8e-41cd-8a6a-46044b29ba52.woff]
[static.parastorage.com/services/third-party/fonts/user-site-fonts/fonts/4e33bf74-813a-4818-8313-6ea9039db056d41d.eot]
[static.parastorage.com/services/third-party/fonts/user-site-fonts/fonts/ceb3b4a3-0083-44ae-95cb-e362f95cc91b.woff2]
[static.parastorage.com/services/third-party/fonts/user-site-fonts/fonts/c458fc09-c8dd-4423-9767-e3e27082f155.ttf]
[static.parastorage.com/tag-bundler/api/v1/fonts-cache/googlefont/woff2/s/montserrat/v14/JTUQjIg1_i6t8kCHKm459WxRxC7m0dR9pBOi.woff2]
[static.parastorage.com/tag-bundler/api/v1/fonts-cache/googlefont/woff2/s/montserrat/v14/JTUQjIg1_i6t8kCHKm459WxRzS7m0dR9pBOi.woff2]
[static.parastorage.com/services/third-party/fonts/user-site-fonts/fonts/4d716cea-5ba0-437a-b5a8-89ad159ea2be.woff]
[static.parastorage.com/tag-bundler/api/v1/fonts-cache/googlefont/woff2/s/montserrat/v14/JTUQjIg1_i6t8kCHKm459WxRxi7m0dR9pBOi.woff2]
[static.parastorage.com/tag-bundler/api/v1/fonts-cache/googlefont/woff2/s/montserrat/v14/JTUQjIg1_i6t8kCHKm459WxRxy7m0dR9pBOi.woff2]
[static.parastorage.com/tag-bundler/api/v1/fonts-cache/googlefont/woff2/s/montserrat/v14/JTUQjIg1_i6t8kCHKm459WxRyS7m0dR9pA.woff2]
[static.parastorage.com/tag-bundler/api/v1/fonts-cache/googlefont/woff2/s/montserrat/v14/JTUPjIg1_i6t8kCHKm459WxZcgvz8fZwjimrq1Q_.woff2]
[static.parastorage.com/tag-bundler/api/v1/fonts-cache/googlefont/woff2/s/montserrat/v14/JTUPjIg1_i6t8kCHKm459WxZcgvz-PZwjimrq1Q_.woff2]
[static.parastorage.com/tag-bundler/api/v1/fonts-cache/googlefont/woff2/s/montserrat/v14/JTUPjIg1_i6t8kCHKm459WxZcgvz8_Zwjimrq1Q_.woff2]
[static.parastorage.com/tag-bundler/api/v1/fonts-cache/googlefont/woff2/s/montserrat/v14/JTUPjIg1_i6t8kCHKm459WxZcgvz8vZwjimrq1Q_.woff2]
[static.parastorage.com/tag-bundler/api/v1/fonts-cache/googlefont/woff2/s/montserrat/v14/JTUPjIg1_i6t8kCHKm459WxZcgvz_PZwjimrqw.woff2]
[static.parastorage.com/tag-bundler/api/v1/fonts-cache/googlefont/woff2/s/montserrat/v14/JTUSjIg1_i6t8kCHKm459WRhyyTh89ZNpQ.woff2]
[static.parastorage.com/tag-bundler/api/v1/fonts-cache/googlefont/woff2/s/montserrat/v14/JTUSjIg1_i6t8kCHKm459W1hyyTh89ZNpQ.woff2]
[static.parastorage.com/tag-bundler/api/v1/fonts-cache/googlefont/woff2/s/montserrat/v14/JTUSjIg1_i6t8kCHKm459WZhyyTh89ZNpQ.woff2]
[static.parastorage.com/tag-bundler/api/v1/fonts-cache/googlefont/woff2/s/montserrat/v14/JTUSjIg1_i6t8kCHKm459WdhyyTh89ZNpQ.woff2]
[static.parastorage.com/tag-bundler/api/v1/fonts-cache/googlefont/woff2/s/montserrat/v14/JTUSjIg1_i6t8kCHKm459WlhyyTh89Y.woff2]
[static.parastorage.com/tag-bundler/api/v1/fonts-cache/googlefont/woff2/s/montserrat/v14/JTURjIg1_i6t8kCHKm45_dJE3gTD_vx3rCubqg.woff2]
[static.parastorage.com/tag-bundler/api/v1/fonts-cache/googlefont/woff2/s/montserrat/v14/JTURjIg1_i6t8kCHKm45_dJE3g3D_vx3rCubqg.woff2]
[static.parastorage.com/tag-bundler/api/v1/fonts-cache/googlefont/woff2/s/montserrat/v14/JTURjIg1_i6t8kCHKm45_dJE3gbD_vx3rCubqg.woff2]
[static.parastorage.com/tag-bundler/api/v1/fonts-cache/googlefont/woff2/s/montserrat/v14/JTURjIg1_i6t8kCHKm45_dJE3gfD_vx3rCubqg.woff2]
[static.parastorage.com/tag-bundler/api/v1/fonts-cache/googlefont/woff2/s/montserrat/v14/JTURjIg1_i6t8kCHKm45_dJE3gnD_vx3rCs.woff2]
[static.parastorage.com/tag-bundler/api/v1/fonts-cache/googlefont/woff2/s/poppins/v5/9VWMTeb5jtXkNoTv949Npfk_vArhqVIZ0nv9q090hN8.woff2]
[static.parastorage.com/tag-bundler/api/v1/fonts-cache/googlefont/woff/s/poppins/v5/9VWMTeb5jtXkNoTv949NpRsxEYwM7FgeyaSgU71cLG0.woff]
[static.parastorage.com/tag-bundler/api/v1/fonts-cache/googlefont/woff2/s/poppins/v5/aDjpMND83pDErGXlVEr-Sfk_vArhqVIZ0nv9q090hN8.woff2]
[static.parastorage.com/tag-bundler/api/v1/fonts-cache/googlefont/woff/s/poppins/v5/aDjpMND83pDErGXlVEr-SRsxEYwM7FgeyaSgU71cLG0.woff]
[static.parastorage.com/tag-bundler/api/v1/fonts-cache/googlefont/woff2/s/poppins/v5/RbebACOccNN-5ixkDIVLjRUOjZSKWg4xBWp_C_qQx0o.woff2]
[static.parastorage.com/tag-bundler/api/v1/fonts-cache/googlefont/woff/s/poppins/v5/RbebACOccNN-5ixkDIVLjRa1RVmPjeKy21_GQJaLlJI.woff]
[static.parastorage.com/tag-bundler/api/v1/fonts-cache/googlefont/woff2/s/poppins/v5/c4FPK8_hIFKoX59qcGwdChUOjZSKWg4xBWp_C_qQx0o.woff2]
[static.parastorage.com/tag-bundler/api/v1/fonts-cache/googlefont/woff/s/poppins/v5/c4FPK8_hIFKoX59qcGwdCha1RVmPjeKy21_GQJaLlJI.woff]
[static.parastorage.com/tag-bundler/api/v1/fonts-cache/googlefont/woff2/s/poppins/v9/pxiGyp8kv8JHgFVrJJLucXtAOvWDSHFF.woff2]
[static.parastorage.com/tag-bundler/api/v1/fonts-cache/googlefont/woff2/s/poppins/v9/pxiGyp8kv8JHgFVrJJLufntAOvWDSHFF.woff2]
[static.parastorage.com/tag-bundler/api/v1/fonts-cache/googlefont/woff2/s/poppins/v9/pxiGyp8kv8JHgFVrJJLucHtAOvWDSA.woff2]
[static.parastorage.com/tag-bundler/api/v1/fonts-cache/googlefont/woff2/s/poppins/v9/pxiDyp8kv8JHgFVrJJLmy15VFteOYktMqlap.woff2]
[static.parastorage.com/tag-bundler/api/v1/fonts-cache/googlefont/woff2/s/poppins/v9/pxiDyp8kv8JHgFVrJJLmy15VGdeOYktMqlap.woff2]
[static.parastorage.com/tag-bundler/api/v1/fonts-cache/googlefont/woff2/s/poppins/v9/pxiDyp8kv8JHgFVrJJLmy15VF9eOYktMqg.woff2]
[static.parastorage.com/tag-bundler/api/v1/fonts-cache/googlefont/woff2/s/poppins/v9/pxiEyp8kv8JHgFVrJJbecnFHGPezSQ.woff2]
[static.parastorage.com/tag-bundler/api/v1/fonts-cache/googlefont/woff2/s/poppins/v9/pxiEyp8kv8JHgFVrJJnecnFHGPezSQ.woff2]
[static.parastorage.com/tag-bundler/api/v1/fonts-cache/googlefont/woff2/s/poppins/v9/pxiEyp8kv8JHgFVrJJfecnFHGPc.woff2]
[static.parastorage.com/tag-bundler/api/v1/fonts-cache/googlefont/woff2/s/poppins/v9/pxiByp8kv8JHgFVrLCz7Z11lFd2JQEl8qw.woff2]
[static.parastorage.com/tag-bundler/api/v1/fonts-cache/googlefont/woff2/s/poppins/v9/pxiByp8kv8JHgFVrLCz7Z1JlFd2JQEl8qw.woff2]
[static.parastorage.com/tag-bundler/api/v1/fonts-cache/googlefont/woff2/s/poppins/v9/pxiByp8kv8JHgFVrLCz7Z1xlFd2JQEk.woff2]
[static.wixstatic.com/media/6ff17d_3f018939b4464f589b88c558120689e8_mv2.png/v1/crop/x_0,y_116,w_1280,h_489/fill/w_516,h_197,al_c,q_85,usm_0.66_1.00_0.01,enc_auto/1.png]
[api.whatsapp.com/send/index60ca.html]
[static.wixstatic.com/media/6ff17d_9b5dded55613445ca98a2937c513b9d0_mv2.png/v1/fill/w_65,h_20,al_c,q_85,usm_0.66_1.00_0.01,blur_2,enc_auto/Screenshot_29.png]
[www.painelpurple.xyz/copy-of-dashboard-1.html]
[static.wixstatic.com/media/6ff17d_ef91be33fbcd443787c35306ad596f48_mv2.png/v1/fill/w_179,h_196,al_c,q_85,usm_0.66_1.00_0.01,blur_3,enc_auto/Screenshot_15.png]
[static.wixstatic.com/media/6ff17d_eb39be7810d74768923ae789ece8bfc1_mv2.png/v1/fill/w_67,h_25,al_c,q_85,usm_0.66_1.00_0.01,blur_2,enc_auto/Screenshot_16.png]
[static.wixstatic.com/media/6ff17d_03baeaeea2f64d34b566a0852760e09f_mv2.png/v1/fill/w_67,h_9,al_c,q_85,usm_0.66_1.00_0.01,blur_2,enc_auto/Screenshot_17.png]
[www.painelpurple.xyz/index.html]
[static.parastorage.com/services/wix-thunderbolt/dist/index.html]
[www.painelpurple.xyz/decodeURIComponent(e.html]
[www.painelpurple.xyz/sitemap.html]
[www.painelpurple.xyz/feed.html]
[static.wixstatic.com/media/index.html]
[static.parastorage.com/services/third-party/fonts/user-site-fonts/fonts/ab9cd062-380f-4b53-b1a7-c0bec7402235.svg]
[static.parastorage.com/services/third-party/fonts/user-site-fonts/fonts/d1b1e866-a411-42ba-8f75-72bf28e23694.svg]
[static.parastorage.com/services/third-party/fonts/user-site-fonts/fonts/9f774d17-c03a-418e-a375-34f3beecbc7a.svg]
[static.parastorage.com/services/third-party/fonts/user-site-fonts/fonts/58ae9be9-5d95-44b6-8b6c-e6da6a46822c.svg]
[static.parastorage.com/services/third-party/fonts/user-site-fonts/fonts/dc423cc1-bf86-415c-bc7d-ad7dde416a34.svg]
[static.parastorage.com/services/third-party/fonts/user-site-fonts/fonts/85ffb31e-78ee-4e21-83d8-4313269135a9.svg]
[static.parastorage.com/services/wix-code-platform/1.1097.93/elementory-browser-support.min.js]
[static.wixstatic.com/media/11062b_192a700eda24470892b064ae68400512f000.jpg/v1/fill/w_288,h_162,al_c,q_80,usm_0.66_1.00_0.01,blur_2,enc_auto/11062b_192a700eda24470892b064ae68400512f000.jpg]
[www.painelpurple.xyz/copy-of-dashboard-1.html]
[www.painelpurple.xyz/refêrencias.html]
[static.whatsapp.net/rsrc.php/v3/yz/r/ujTY9i_Jhs1.png]
[www.painelpurple.xyz/como-funciona.html]
[static.whatsapp.net/rsrc.php/v3/yO/l/0,cross/zkmfh5mjXuB1f8e.css]
[static.whatsapp.net/rsrc.php/v3/yy/l/0,cross/yiDffORiFNO1f8e.css]
[api.whatsapp.com/send/indexd036.html]
[static.whatsapp.net/rsrc.php/v3/y7/l/0,cross/tNtV0sANGqh1f8e.css]
[static.whatsapp.net/rsrc.php/v3/yP/l/0,cross/KXGrMsCqpKF1f8e.css]
[static.whatsapp.net/rsrc.php/v3/yG/r/f8l6vxP9Bki1f8e.js]
[static.whatsapp.net/rsrc.php/v3/yq/r/mdQNdcFMi0p.png]
[static.whatsapp.net/rsrc.php/v3/y7/r/DSxOAUB0raA.png]
[pps.whatsapp.net/v/t61.24694-24/321163065_3032437400383536_5564174129905669041_n5ed2.jpg]
[static.whatsapp.net/rsrc.php/v3/yJ/r/Qhrnh5evyPV.png]
[api.whatsapp.com/send/0h+cWG]
[api.whatsapp.com/send/EhWDnq]
[api.whatsapp.com/send/LYq]
[api.whatsapp.com/send/index60ca.html]
[static.whatsapp.net/rsrc.php/v3/y6/r/GVCsi-OZpHn1f8e.js]
[static.wixstatic.com/media/180adf_3d040a877417454783d4712789400fa2_mv2.jpg/v1/fill/w_203,h_447,al_c,lg_1,q_80,enc_auto/print8.jpg]
[static.wixstatic.com/media/180adf_104487f9e62749238e1aba7f86834f5e_mv2.jpg/v1/crop/x_0,y_0,w_178,h_791/fill/w_101,h_446,al_c,q_80,usm_0.66_1.00_0.01,enc_auto/print6.jpg]
[static.wixstatic.com/media/180adf_3c9ee49cdb564a51ba4dc0fcabcf1338_mv2.jpg/v1/fill/w_203,h_447,al_c,lg_1,q_80,enc_auto/print5.jpg]
[static.wixstatic.com/media/180adf_048c8e94fd004b8f98ed3a8faaf40862_mv2.jpg/v1/fill/w_203,h_447,al_c,lg_1,q_80,enc_auto/print7.jpg]
[static.wixstatic.com/media/180adf_25dcffd552734d29850bc640a1133016_mv2.png/v1/fill/w_396,h_447,al_c,q_85,usm_0.66_1.00_0.01,enc_auto/Screenshot_3.png]
[static.wixstatic.com/media/180adf_d12762b264814bc78002be774516e123_mv2.jpg/v1/fill/w_203,h_447,al_c,q_80,usm_0.66_1.00_0.01,enc_auto/print9.jpg]
[static.wixstatic.com/media/180adf_3739128acc294b9d8298fb9b127834a3_mv2.jpg/v1/fill/w_203,h_447,al_c,q_80,usm_0.66_1.00_0.01,enc_auto/print10.jpg]
[static.wixstatic.com/media/180adf_74e66f1632784bb4add58fa44fa2609f_mv2.jpg/v1/fill/w_203,h_447,al_c,lg_1,q_80,enc_auto/print1(1).jpg]
[static.wixstatic.com/media/180adf_e0819242dbc349adbf8194364e9f49e7_mv2.jpg/v1/fill/w_51,h_110,al_c,q_80,usm_0.66_1.00_0.01,blur_2,enc_auto/print2.jpg]
[static.wixstatic.com/media/180adf_4fd8b6233fc047f5b23d048593058211_mv2.jpg/v1/fill/w_51,h_110,al_c,q_80,usm_0.66_1.00_0.01,blur_2,enc_auto/print3.jpg]
[static.wixstatic.com/media/180adf_9ffd623773454a929024b0f5d5a21a40_mv2.jpg/v1/fill/w_51,h_110,al_c,q_80,usm_0.66_1.00_0.01,blur_2,enc_auto/print4.jpg]
[static.wixstatic.com/media/180adf_142cf1eb8f3045a9bf5c6de6ad666af3_mv2.jpg/v1/fill/w_51,h_110,al_c,q_80,usm_0.66_1.00_0.01,blur_2,enc_auto/print4 (1).jpg]
[static.wixstatic.com/media/180adf_8d34bb5a93c2459b858c24bc22b53636_mv2.png/v1/fill/w_113,h_96,al_c,q_85,usm_0.66_1.00_0.01,blur_2,enc_auto/Screenshot_11.png]
[static.wixstatic.com/media/180adf_d237f781192c4236860810df3db6b620_mv2.png/v1/fill/w_95,h_98,al_c,q_85,usm_0.66_1.00_0.01,blur_2,enc_auto/Screenshot_13.png]
[static.wixstatic.com/media/180adf_b28b1adee3264d86850ae41762d78e3e_mv2.png/v1/fill/w_96,h_98,al_c,q_85,usm_0.66_1.00_0.01,blur_2,enc_auto/Screenshot_14.png]
[static.wixstatic.com/media/180adf_097ef8cb93d04117a8c57d0b5fe4235b_mv2.png/v1/fill/w_97,h_98,al_c,q_85,usm_0.66_1.00_0.01,blur_2,enc_auto/Screenshot_12.png]
[static.wixstatic.com/media/180adf_a841c44ce4494c73a56093f54aa589d1_mv2.png/v1/fill/w_78,h_168,al_c,q_85,usm_0.66_1.00_0.01,blur_2,enc_auto/Screenshot_20.png]
[static.wixstatic.com/media/180adf_655ff90cf2904a4abea4e929ee3606f6_mv2.png/v1/fill/w_56,h_67,al_c,q_85,usm_0.66_1.00_0.01,blur_2,enc_auto/Screenshot_17.png]
[static.wixstatic.com/media/180adf_bf7c823cc8d646ae872b476cda159ba3_mv2.png/v1/fill/w_52,h_67,al_c,q_85,usm_0.66_1.00_0.01,blur_2,enc_auto/Screenshot_15.png]
[static.wixstatic.com/media/180adf_96a5806eecca433dacf694014ee35e04_mv2.png/v1/fill/w_78,h_164,al_c,q_85,usm_0.66_1.00_0.01,blur_2,enc_auto/Screenshot_21.png]
[static.wixstatic.com/media/180adf_9d632c7fb46745b8ae70759dddb3f12a_mv2.png/v1/fill/w_92,h_164,al_c,q_85,usm_0.66_1.00_0.01,blur_2,enc_auto/Screenshot_22.png]
[static.wixstatic.com/media/180adf_2e8b8d08605c4b2a9d9dc8371f316cc0_mv2.png/v1/fill/w_63,h_66,al_c,q_85,usm_0.66_1.00_0.01,blur_2,enc_auto/Screenshot_16.png]
[static.wixstatic.com/media/180adf_740f6166ffb04394a179a00c31b3a0e5_mv2.png/v1/fill/w_78,h_133,al_c,q_85,usm_0.66_1.00_0.01,blur_2,enc_auto/Screenshot_25.png]
[static.wixstatic.com/media/180adf_57b8946fb753449f98f532a252013523_mv2.png/v1/fill/w_73,h_133,al_c,q_85,usm_0.66_1.00_0.01,blur_2,enc_auto/Screenshot_24.png]
[static.wixstatic.com/media/180adf_cbc8d25a9e014e8b98b2edfd9489f7be_mv2.png/v1/fill/w_65,h_133,al_c,q_85,usm_0.66_1.00_0.01,blur_2,enc_auto/Screenshot_23.png]
[static.wixstatic.com/media/180adf_86166744be0a4f1fbdce7418f73ae0d6_mv2.png/v1/fill/w_53,h_53,al_c,q_85,usm_0.66_1.00_0.01,blur_2,enc_auto/Screenshot_19.png]
[www.painelpurple.xyz/refêrencias.html]
[static.wixstatic.com/media/aacf62_0d72f159b3b14995883202eab8ae9643_mv2.gif]
[www.painelpurple.xyz/como-funciona.html]
[api.whatsapp.com/send/indexd036.html]
[static.whatsapp.net/rsrc.php/v3/yO/l/0,cross/zkmfh5mjXuB1f8e.css]
[static.whatsapp.net/rsrc.php/v3/yL/r/unHwF9CkMyM.png]
[static.whatsapp.net/rsrc.php/v3/yH/r/xgVgalBG80z.png]
[static.whatsapp.net/rsrc.php/v1/yn/r/R1p1o1jdV3u.jpg]
[static.whatsapp.net/rsrc.php/v1/yQ/r/dPFl9fRFF9u.jpg]
[static.whatsapp.net/rsrc.php/v1/y_/r/oqWQjtJbOPM.jpg]
[static.whatsapp.net/rsrc.php/v3/yB/r/_0dVljceIA5.png]
[static.whatsapp.net/rsrc.php/v3/yy/l/0,cross/yiDffORiFNO1f8e.css]
[static.whatsapp.net/rsrc.php/v3/yk/r/tBMcDekrU41.png]
[static.whatsapp.net/rsrc.php/v3/yA/r/d1pQ60tiWlZ.png]
[static.whatsapp.net/rsrc.php/v3/yJ/r/3wElfaww-5w.png]
[static.whatsapp.net/rsrc.php/v3/y7/l/0,cross/tNtV0sANGqh1f8e.css]
[static.whatsapp.net/rsrc.php/v3/yN/r/GwXovD8XJHk.png]
[static.whatsapp.net/rsrc.php/v3/y-/r/RqDd4K71N3I.png]
[static.whatsapp.net/rsrc.php/v3/yG/r/eyA9alcqBuW.png]
[static.whatsapp.net/rsrc.php/v3/ys/r/wV6D6ykDlg0.png]
[static.whatsapp.net/rsrc.php/v3/yP/l/0,cross/KXGrMsCqpKF1f8e.css]
[api.whatsapp.com/send/chrome-extension_/index.html]
[api.whatsapp.com/send/^([^_/indexd41d.html]
[api.whatsapp.com/send/GET]
[static.whatsapp.net/rsrc.php/v3/yG/r/f8l6vxP9Bki1f8e.js]
[api.whatsapp.com/send/0h+cWG.html]
[api.whatsapp.com/send/EhWDnq.html]
[api.whatsapp.com/send/LYq.html]
[static.whatsapp.net/rsrc.php/v3/y6/r/GVCsi-OZpHn1f8e.js]
[localhost_4200/index.html]
[bo.wix.com/suricate/index.html]
[api.whatsapp.com/send/chrome-extension_/index.html]
[api.whatsapp.com/send/^([^_/indexd41d.html]
[api.whatsapp.com/send/GET.html]
